# JRE version: OpenJDK Runtime Environment Temurin-17.0.9+9 (17.0.9+9) (build 17.0.9+9)
# Java VM: OpenJDK 64-Bit Server VM Temurin-17.0.9+9 (17.0.9+9, mixed mode, tiered, compressed oops, compressed class ptrs, parallel gc, windows-amd64)
GC Precious Log:
 CPUs: 12 total, 12 available
 Memory: 23914M
 Large Page Support: Disabled
 NUMA Support: Disabled
 Compressed Oops: Enabled (32-bit)
 Alignments: Space 512K, Generation 512K, Heap 2M
 Heap Min Capacity: 100M
 Heap Initial Capacity: 100M
 Heap Max Capacity: 1G
 Pre-touch: Disabled
 Parallel Workers: 10
Heap:
 PSYoungGen      total 32768K, used 28488K [0x00000000eab00000, 0x00000000ee300000, 0x0000000100000000)
  eden space 15872K, 73% used [0x00000000eab00000,0x00000000eb657f78,0x00000000eba80000)
  from space 16896K, 99% used [0x00000000ece00000,0x00000000ede7a358,0x00000000ede80000)
  to   space 19968K, 0% used [0x00000000eba80000,0x00000000eba80000,0x00000000ece00000)
 ParOldGen       total 349696K, used 332239K [0x00000000c0000000, 0x00000000d5580000, 0x00000000eab00000)
  object space 349696K, 95% used [0x00000000c0000000,0x00000000d4473e50,0x00000000d5580000)
 Metaspace       used 68516K, committed 69696K, reserved 1114112K
  class space    used 7742K, committed 8256K, reserved 1048576K
GC Heap History (20 events):
Event: 55.797 GC heap before
{Heap before GC invocations=174 (full 12):
 PSYoungGen      total 35328K, used 35104K [0x00000000eab00000, 0x00000000ed580000, 0x0000000100000000)
  eden space 30720K, 100% used [0x00000000eab00000,0x00000000ec900000,0x00000000ec900000)
  from space 4608K, 95% used [0x00000000ed100000,0x00000000ed548000,0x00000000ed580000)
  to   space 5632K, 0% used [0x00000000eca80000,0x00000000eca80000,0x00000000ed000000)
 ParOldGen       total 309248K, used 285336K [0x00000000c0000000, 0x00000000d2e00000, 0x00000000eab00000)
  object space 309248K, 92% used [0x00000000c0000000,0x00000000d16a62a0,0x00000000d2e00000)
 Metaspace       used 67084K, committed 68224K, reserved 1114112K
  class space    used 7618K, committed 8128K, reserved 1048576K
}
Event: 55.806 GC heap after
{Heap after GC invocations=174 (full 12):
 PSYoungGen      total 37888K, used 5632K [0x00000000eab00000, 0x00000000ede80000, 0x0000000100000000)
  eden space 32256K, 0% used [0x00000000eab00000,0x00000000eab00000,0x00000000eca80000)
  from space 5632K, 100% used [0x00000000eca80000,0x00000000ed000000,0x00000000ed000000)
  to   space 9728K, 0% used [0x00000000ed500000,0x00000000ed500000,0x00000000ede80000)
 ParOldGen       total 309248K, used 288325K [0x00000000c0000000, 0x00000000d2e00000, 0x00000000eab00000)
  object space 309248K, 93% used [0x00000000c0000000,0x00000000d19914a8,0x00000000d2e00000)
 Metaspace       used 67084K, committed 68224K, reserved 1114112K
  class space    used 7618K, committed 8128K, reserved 1048576K
}
Event: 55.943 GC heap before
{Heap before GC invocations=175 (full 12):
 PSYoungGen      total 37888K, used 37888K [0x00000000eab00000, 0x00000000ede80000, 0x0000000100000000)
  eden space 32256K, 100% used [0x00000000eab00000,0x00000000eca80000,0x00000000eca80000)
  from space 5632K, 100% used [0x00000000eca80000,0x00000000ed000000,0x00000000ed000000)
  to   space 9728K, 0% used [0x00000000ed500000,0x00000000ed500000,0x00000000ede80000)
 ParOldGen       total 309248K, used 288325K [0x00000000c0000000, 0x00000000d2e00000, 0x00000000eab00000)
  object space 309248K, 93% used [0x00000000c0000000,0x00000000d19914a8,0x00000000d2e00000)
 Metaspace       used 67096K, committed 68224K, reserved 1114112K
  class space    used 7618K, committed 8128K, reserved 1048576K
}
Event: 55.955 GC heap after
{Heap after GC invocations=175 (full 12):
 PSYoungGen      total 39936K, used 4832K [0x00000000eab00000, 0x00000000eda00000, 0x0000000100000000)
  eden space 34816K, 0% used [0x00000000eab00000,0x00000000eab00000,0x00000000ecd00000)
  from space 5120K, 94% used [0x00000000ed500000,0x00000000ed9b8000,0x00000000eda00000)
  to   space 6656K, 0% used [0x00000000ecd00000,0x00000000ecd00000,0x00000000ed380000)
 ParOldGen       total 309248K, used 294053K [0x00000000c0000000, 0x00000000d2e00000, 0x00000000eab00000)
  object space 309248K, 95% used [0x00000000c0000000,0x00000000d1f294a8,0x00000000d2e00000)
 Metaspace       used 67096K, committed 68224K, reserved 1114112K
  class space    used 7618K, committed 8128K, reserved 1048576K
}
Event: 56.087 GC heap before
{Heap before GC invocations=176 (full 12):
 PSYoungGen      total 39936K, used 39648K [0x00000000eab00000, 0x00000000eda00000, 0x0000000100000000)
  eden space 34816K, 100% used [0x00000000eab00000,0x00000000ecd00000,0x00000000ecd00000)
  from space 5120K, 94% used [0x00000000ed500000,0x00000000ed9b8000,0x00000000eda00000)
  to   space 6656K, 0% used [0x00000000ecd00000,0x00000000ecd00000,0x00000000ed380000)
 ParOldGen       total 309248K, used 294053K [0x00000000c0000000, 0x00000000d2e00000, 0x00000000eab00000)
  object space 309248K, 95% used [0x00000000c0000000,0x00000000d1f294a8,0x00000000d2e00000)
 Metaspace       used 67505K, committed 68608K, reserved 1114112K
  class space    used 7676K, committed 8192K, reserved 1048576K
}
Event: 56.097 GC heap after
{Heap after GC invocations=176 (full 12):
 PSYoungGen      total 41472K, used 6656K [0x00000000eab00000, 0x00000000ee480000, 0x0000000100000000)
  eden space 34816K, 0% used [0x00000000eab00000,0x00000000eab00000,0x00000000ecd00000)
  from space 6656K, 100% used [0x00000000ecd00000,0x00000000ed380000,0x00000000ed380000)
  to   space 10752K, 0% used [0x00000000eda00000,0x00000000eda00000,0x00000000ee480000)
 ParOldGen       total 309248K, used 296869K [0x00000000c0000000, 0x00000000d2e00000, 0x00000000eab00000)
  object space 309248K, 95% used [0x00000000c0000000,0x00000000d21e94a8,0x00000000d2e00000)
 Metaspace       used 67505K, committed 68608K, reserved 1114112K
  class space    used 7676K, committed 8192K, reserved 1048576K
}
Event: 56.266 GC heap before
{Heap before GC invocations=177 (full 12):
 PSYoungGen      total 41472K, used 41472K [0x00000000eab00000, 0x00000000ee480000, 0x0000000100000000)
  eden space 34816K, 100% used [0x00000000eab00000,0x00000000ecd00000,0x00000000ecd00000)
  from space 6656K, 100% used [0x00000000ecd00000,0x00000000ed380000,0x00000000ed380000)
  to   space 10752K, 0% used [0x00000000eda00000,0x00000000eda00000,0x00000000ee480000)
 ParOldGen       total 309248K, used 296869K [0x00000000c0000000, 0x00000000d2e00000, 0x00000000eab00000)
  object space 309248K, 95% used [0x00000000c0000000,0x00000000d21e94a8,0x00000000d2e00000)
 Metaspace       used 67816K, committed 68992K, reserved 1114112K
  class space    used 7703K, committed 8256K, reserved 1048576K
}
Event: 56.277 GC heap after
{Heap after GC invocations=177 (full 12):
 PSYoungGen      total 41472K, used 3616K [0x00000000eab00000, 0x00000000ede00000, 0x0000000100000000)
  eden space 37376K, 0% used [0x00000000eab00000,0x00000000eab00000,0x00000000ecf80000)
  from space 4096K, 88% used [0x00000000eda00000,0x00000000edd88000,0x00000000ede00000)
  to   space 6144K, 0% used [0x00000000ed200000,0x00000000ed200000,0x00000000ed800000)
 ParOldGen       total 309248K, used 303634K [0x00000000c0000000, 0x00000000d2e00000, 0x00000000eab00000)
  object space 309248K, 98% used [0x00000000c0000000,0x00000000d2884860,0x00000000d2e00000)
 Metaspace       used 67816K, committed 68992K, reserved 1114112K
  class space    used 7703K, committed 8256K, reserved 1048576K
}
Event: 56.277 GC heap before
{Heap before GC invocations=178 (full 13):
 PSYoungGen      total 41472K, used 3616K [0x00000000eab00000, 0x00000000ede00000, 0x0000000100000000)
  eden space 37376K, 0% used [0x00000000eab00000,0x00000000eab00000,0x00000000ecf80000)
  from space 4096K, 88% used [0x00000000eda00000,0x00000000edd88000,0x00000000ede00000)
  to   space 6144K, 0% used [0x00000000ed200000,0x00000000ed200000,0x00000000ed800000)
 ParOldGen       total 309248K, used 303634K [0x00000000c0000000, 0x00000000d2e00000, 0x00000000eab00000)
  object space 309248K, 98% used [0x00000000c0000000,0x00000000d2884860,0x00000000d2e00000)
 Metaspace       used 67816K, committed 68992K, reserved 1114112K
  class space    used 7703K, committed 8256K, reserved 1048576K
}
Event: 56.445 GC heap after
{Heap after GC invocations=178 (full 13):
 PSYoungGen      total 37376K, used 0K [0x00000000eab00000, 0x00000000edb00000, 0x0000000100000000)
  eden space 36864K, 0% used [0x00000000eab00000,0x00000000eab00000,0x00000000ecf00000)
  from space 512K, 0% used [0x00000000ed200000,0x00000000ed200000,0x00000000ed280000)
  to   space 6144K, 0% used [0x00000000ed500000,0x00000000ed500000,0x00000000edb00000)
 ParOldGen       total 349696K, used 293792K [0x00000000c0000000, 0x00000000d5580000, 0x00000000eab00000)
  object space 349696K, 84% used [0x00000000c0000000,0x00000000d1ee8198,0x00000000d5580000)
 Metaspace       used 67816K, committed 68992K, reserved 1114112K
  class space    used 7703K, committed 8256K, reserved 1048576K
}
Event: 56.776 GC heap before
{Heap before GC invocations=179 (full 13):
 PSYoungGen      total 37376K, used 36864K [0x00000000eab00000, 0x00000000edb00000, 0x0000000100000000)
  eden space 36864K, 100% used [0x00000000eab00000,0x00000000ecf00000,0x00000000ecf00000)
  from space 512K, 0% used [0x00000000ed200000,0x00000000ed200000,0x00000000ed280000)
  to   space 6144K, 0% used [0x00000000ed500000,0x00000000ed500000,0x00000000edb00000)
 ParOldGen       total 349696K, used 293792K [0x00000000c0000000, 0x00000000d5580000, 0x00000000eab00000)
  object space 349696K, 84% used [0x00000000c0000000,0x00000000d1ee8198,0x00000000d5580000)
 Metaspace       used 68050K, committed 69248K, reserved 1114112K
  class space    used 7706K, committed 8256K, reserved 1048576K
}
Event: 56.780 GC heap after
{Heap after GC invocations=179 (full 13):
 PSYoungGen      total 38400K, used 1607K [0x00000000eab00000, 0x00000000ed700000, 0x0000000100000000)
  eden space 36352K, 0% used [0x00000000eab00000,0x00000000eab00000,0x00000000ece80000)
  from space 2048K, 78% used [0x00000000ed500000,0x00000000ed691cf0,0x00000000ed700000)
  to   space 3072K, 0% used [0x00000000ed100000,0x00000000ed100000,0x00000000ed400000)
 ParOldGen       total 349696K, used 293800K [0x00000000c0000000, 0x00000000d5580000, 0x00000000eab00000)
  object space 349696K, 84% used [0x00000000c0000000,0x00000000d1eea198,0x00000000d5580000)
 Metaspace       used 68050K, committed 69248K, reserved 1114112K
  class space    used 7706K, committed 8256K, reserved 1048576K
}
Event: 57.309 GC heap before
{Heap before GC invocations=180 (full 13):
 PSYoungGen      total 38400K, used 37959K [0x00000000eab00000, 0x00000000ed700000, 0x0000000100000000)
  eden space 36352K, 100% used [0x00000000eab00000,0x00000000ece80000,0x00000000ece80000)
  from space 2048K, 78% used [0x00000000ed500000,0x00000000ed691cf0,0x00000000ed700000)
  to   space 3072K, 0% used [0x00000000ed100000,0x00000000ed100000,0x00000000ed400000)
 ParOldGen       total 349696K, used 293800K [0x00000000c0000000, 0x00000000d5580000, 0x00000000eab00000)
  object space 349696K, 84% used [0x00000000c0000000,0x00000000d1eea198,0x00000000d5580000)
 Metaspace       used 68142K, committed 69312K, reserved 1114112K
  class space    used 7706K, committed 8256K, reserved 1048576K
}
Event: 57.319 GC heap after
{Heap after GC invocations=180 (full 13):
 PSYoungGen      total 38912K, used 3063K [0x00000000eab00000, 0x00000000eee00000, 0x0000000100000000)
  eden space 35840K, 0% used [0x00000000eab00000,0x00000000eab00000,0x00000000ece00000)
  from space 3072K, 99% used [0x00000000ed100000,0x00000000ed3fdfb0,0x00000000ed400000)
  to   space 16384K, 0% used [0x00000000ede00000,0x00000000ede00000,0x00000000eee00000)
 ParOldGen       total 349696K, used 304773K [0x00000000c0000000, 0x00000000d5580000, 0x00000000eab00000)
  object space 349696K, 87% used [0x00000000c0000000,0x00000000d29a15a0,0x00000000d5580000)
 Metaspace       used 68142K, committed 69312K, reserved 1114112K
  class space    used 7706K, committed 8256K, reserved 1048576K
}
Event: 57.935 GC heap before
{Heap before GC invocations=181 (full 13):
 PSYoungGen      total 38912K, used 38903K [0x00000000eab00000, 0x00000000eee00000, 0x0000000100000000)
  eden space 35840K, 100% used [0x00000000eab00000,0x00000000ece00000,0x00000000ece00000)
  from space 3072K, 99% used [0x00000000ed100000,0x00000000ed3fdfb0,0x00000000ed400000)
  to   space 16384K, 0% used [0x00000000ede00000,0x00000000ede00000,0x00000000eee00000)
 ParOldGen       total 349696K, used 304773K [0x00000000c0000000, 0x00000000d5580000, 0x00000000eab00000)
  object space 349696K, 87% used [0x00000000c0000000,0x00000000d29a15a0,0x00000000d5580000)
 Metaspace       used 68142K, committed 69312K, reserved 1114112K
  class space    used 7706K, committed 8256K, reserved 1048576K
}
Event: 57.961 GC heap after
{Heap after GC invocations=181 (full 13):
 PSYoungGen      total 32256K, used 16363K [0x00000000eab00000, 0x00000000f1480000, 0x0000000100000000)
  eden space 15872K, 0% used [0x00000000eab00000,0x00000000eab00000,0x00000000eba80000)
  from space 16384K, 99% used [0x00000000ede00000,0x00000000eedfac58,0x00000000eee00000)
  to   space 36352K, 0% used [0x00000000eba80000,0x00000000eba80000,0x00000000ede00000)
 ParOldGen       total 349696K, used 320765K [0x00000000c0000000, 0x00000000d5580000, 0x00000000eab00000)
  object space 349696K, 91% used [0x00000000c0000000,0x00000000d393f7d8,0x00000000d5580000)
 Metaspace       used 68142K, committed 69312K, reserved 1114112K
  class space    used 7706K, committed 8256K, reserved 1048576K
}
Event: 61.619 GC heap before
{Heap before GC invocations=182 (full 13):
 PSYoungGen      total 32256K, used 32235K [0x00000000eab00000, 0x00000000f1480000, 0x0000000100000000)
  eden space 15872K, 100% used [0x00000000eab00000,0x00000000eba80000,0x00000000eba80000)
  from space 16384K, 99% used [0x00000000ede00000,0x00000000eedfac58,0x00000000eee00000)
  to   space 36352K, 0% used [0x00000000eba80000,0x00000000eba80000,0x00000000ede00000)
 ParOldGen       total 349696K, used 320765K [0x00000000c0000000, 0x00000000d5580000, 0x00000000eab00000)
  object space 349696K, 91% used [0x00000000c0000000,0x00000000d393f7d8,0x00000000d5580000)
 Metaspace       used 68178K, committed 69376K, reserved 1114112K
  class space    used 7708K, committed 8256K, reserved 1048576K
}
Event: 61.634 GC heap after
{Heap after GC invocations=182 (full 13):
 PSYoungGen      total 23552K, used 7328K [0x00000000eab00000, 0x00000000ede80000, 0x0000000100000000)
  eden space 15872K, 0% used [0x00000000eab00000,0x00000000eab00000,0x00000000eba80000)
  from space 7680K, 95% used [0x00000000eba80000,0x00000000ec1a8150,0x00000000ec200000)
  to   space 16896K, 0% used [0x00000000ece00000,0x00000000ece00000,0x00000000ede80000)
 ParOldGen       total 349696K, used 331359K [0x00000000c0000000, 0x00000000d5580000, 0x00000000eab00000)
  object space 349696K, 94% used [0x00000000c0000000,0x00000000d4397e50,0x00000000d5580000)
 Metaspace       used 68178K, committed 69376K, reserved 1114112K
  class space    used 7708K, committed 8256K, reserved 1048576K
}
Event: 61.692 GC heap before
{Heap before GC invocations=183 (full 13):
 PSYoungGen      total 23552K, used 23200K [0x00000000eab00000, 0x00000000ede80000, 0x0000000100000000)
  eden space 15872K, 100% used [0x00000000eab00000,0x00000000eba80000,0x00000000eba80000)
  from space 7680K, 95% used [0x00000000eba80000,0x00000000ec1a8150,0x00000000ec200000)
  to   space 16896K, 0% used [0x00000000ece00000,0x00000000ece00000,0x00000000ede80000)
 ParOldGen       total 349696K, used 331359K [0x00000000c0000000, 0x00000000d5580000, 0x00000000eab00000)
  object space 349696K, 94% used [0x00000000c0000000,0x00000000d4397e50,0x00000000d5580000)
 Metaspace       used 68188K, committed 69376K, reserved 1114112K
  class space    used 7709K, committed 8256K, reserved 1048576K
}
Event: 61.708 GC heap after
{Heap after GC invocations=183 (full 13):
 PSYoungGen      total 32768K, used 16872K [0x00000000eab00000, 0x00000000ee300000, 0x0000000100000000)
  eden space 15872K, 0% used [0x00000000eab00000,0x00000000eab00000,0x00000000eba80000)
  from space 16896K, 99% used [0x00000000ece00000,0x00000000ede7a358,0x00000000ede80000)
  to   space 19968K, 0% used [0x00000000eba80000,0x00000000eba80000,0x00000000ece00000)
 ParOldGen       total 349696K, used 332239K [0x00000000c0000000, 0x00000000d5580000, 0x00000000eab00000)
  object space 349696K, 95% used [0x00000000c0000000,0x00000000d4473e50,0x00000000d5580000)
 Metaspace       used 68188K, committed 69376K, reserved 1114112K
  class space    used 7709K, committed 8256K, reserved 1048576K
}

